<component name="libraryTable">
  <library name="junit.jupiter" type="repository">
    <properties maven-id="org.junit.jupiter:junit-jupiter:5.8.1" />
    <CLASSES>
      <root url="jar://$PROJECT_DIR$/../Libraries/junit-jupiter-5.8.1.jar!/" />
      <root url="jar://$PROJECT_DIR$/../Libraries/junit-jupiter-api-5.8.1.jar!/" />
      <root url="jar://$PROJECT_DIR$/../Libraries/opentest4j-1.2.0.jar!/" />
      <root url="jar://$PROJECT_DIR$/../Libraries/junit-platform-commons-1.8.1.jar!/" />
      <root url="jar://$PROJECT_DIR$/../Libraries/apiguardian-api-1.1.2.jar!/" />
      <root url="jar://$PROJECT_DIR$/../Libraries/junit-jupiter-params-5.8.1.jar!/" />
      <root url="jar://$PROJECT_DIR$/../Libraries/junit-jupiter-engine-5.8.1.jar!/" />
      <root url="jar://$PROJECT_DIR$/../Libraries/junit-platform-engine-1.8.1.jar!/" />
    </CLASSES>
    <JAVADOC />
    <SOURCES />
  </library>
</component>